TN:
SF:src\modules\appointments\services\CreateAppointmentService.ts
FN:17,(anonymous_18)
FN:18,CreateAppointmentService
FN:23,(anonymous_20)
FNF:3
FNH:3
FNDA:1,(anonymous_18)
FNDA:5,CreateAppointmentService
FNDA:7,(anonymous_20)
DA:1,1
DA:2,1
DA:7,1
DA:17,1
DA:20,5
DA:23,7
DA:25,7
DA:27,7
DA:28,1
DA:31,6
DA:32,1
DA:35,5
DA:36,2
DA:39,3
DA:41,3
DA:42,1
DA:45,2
DA:48,2
DA:51,1
DA:53,1
LF:20
LH:20
BRDA:27,0,0,1
BRDA:27,0,1,6
BRDA:31,1,0,1
BRDA:31,1,1,5
BRDA:35,2,0,2
BRDA:35,2,1,3
BRDA:35,3,0,5
BRDA:35,3,1,4
BRDA:41,4,0,1
BRDA:41,4,1,2
BRF:10
BRH:10
end_of_record
TN:
SF:src\modules\appointments\services\ListProviderDayAvailabilityService.ts
FN:20,(anonymous_17)
FN:21,ListProviderDayAvailabilityService
FN:26,(anonymous_19)
FN:32,(anonymous_22)
FN:36,(anonymous_23)
FN:37,(anonymous_24)
FNF:6
FNH:6
FNDA:1,(anonymous_17)
FNDA:1,ListProviderDayAvailabilityService
FNDA:1,(anonymous_19)
FNDA:10,(anonymous_22)
FNDA:10,(anonymous_23)
FNDA:19,(anonymous_24)
DA:1,1
DA:2,1
DA:20,1
DA:23,1
DA:26,1
DA:28,1
DA:30,1
DA:32,10
DA:34,1
DA:36,1
DA:37,19
DA:39,10
DA:41,10
DA:48,1
DA:50,1
LF:15
LH:15
BRDA:28,0,0,1
BRDA:43,1,0,10
BRDA:43,1,1,8
BRF:3
BRH:3
end_of_record
TN:
SF:src\modules\appointments\services\ListProviderMonthAvailabilityService.ts
FN:19,(anonymous_17)
FN:20,ListProviderMonthAvailabilityService
FN:25,(anonymous_19)
FN:32,(anonymous_22)
FN:36,(anonymous_23)
FN:37,(anonymous_24)
FNF:6
FNH:6
FNDA:1,(anonymous_17)
FNDA:1,ListProviderMonthAvailabilityService
FNDA:1,(anonymous_19)
FNDA:31,(anonymous_22)
FNDA:31,(anonymous_23)
FNDA:341,(anonymous_24)
DA:1,1
DA:2,1
DA:19,1
DA:22,1
DA:25,1
DA:26,1
DA:28,1
DA:30,1
DA:32,31
DA:36,1
DA:37,341
DA:38,31
DA:44,1
DA:46,1
LF:14
LH:14
BRDA:26,0,0,1
BRF:1
BRH:1
end_of_record
TN:
SF:src\modules\appointments\services\ListProvidesService.ts
FN:12,(anonymous_18)
FN:13,ListProvidersService
FN:18,(anonymous_20)
FNF:3
FNH:3
FNDA:1,(anonymous_18)
FNDA:1,ListProvidersService
FNDA:1,(anonymous_20)
DA:1,1
DA:3,1
DA:12,1
DA:15,1
DA:18,1
DA:19,1
DA:21,1
DA:22,1
DA:24,1
DA:25,0
DA:29,1
DA:31,1
LF:12
LH:11
BRDA:29,0,0,1
BRDA:21,1,0,0
BRDA:21,1,1,1
BRDA:24,2,0,0
BRDA:24,2,1,1
BRF:5
BRH:3
end_of_record
TN:
SF:src\modules\users\services\AuthenticateUserService.ts
FN:22,(anonymous_18)
FN:23,AuthenticateUserService
FN:30,(anonymous_20)
FNF:3
FNH:3
FNDA:1,(anonymous_18)
FNDA:3,AuthenticateUserService
FNDA:3,(anonymous_20)
DA:2,1
DA:3,1
DA:5,1
DA:7,1
DA:22,1
DA:25,3
DA:28,3
DA:30,3
DA:32,3
DA:33,3
DA:35,3
DA:36,1
DA:39,2
DA:41,2
DA:42,1
DA:45,1
DA:47,1
DA:52,1
DA:55,1
DA:57,1
LF:20
LH:20
BRDA:32,0,0,3
BRDA:35,1,0,1
BRDA:35,1,1,2
BRDA:41,2,0,1
BRDA:41,2,1,1
BRF:5
BRH:5
end_of_record
TN:
SF:src\modules\users\services\CreateUserService.ts
FN:15,(anonymous_18)
FN:16,CreateUserService
FN:23,(anonymous_20)
FNF:3
FNH:3
FNDA:2,(anonymous_18)
FNDA:5,CreateUserService
FNDA:5,(anonymous_20)
DA:1,2
DA:4,2
DA:15,2
DA:18,5
DA:21,5
DA:23,5
DA:25,5
DA:27,5
DA:28,1
DA:31,4
DA:33,4
DA:35,4
DA:37,2
DA:39,2
LF:14
LH:14
BRDA:25,0,0,5
BRDA:27,1,0,1
BRDA:27,1,1,4
BRF:3
BRH:3
end_of_record
TN:
SF:src\modules\users\services\ResetPasswordService.ts
FN:16,(anonymous_18)
FN:17,ResetPasswordService
FN:31,(anonymous_20)
FNF:3
FNH:3
FNDA:1,(anonymous_18)
FNDA:4,ResetPasswordService
FNDA:4,(anonymous_20)
DA:1,1
DA:2,1
DA:4,1
DA:16,1
DA:19,4
DA:22,4
DA:25,4
DA:28,4
DA:31,4
DA:32,4
DA:34,3
DA:35,0
DA:38,3
DA:40,3
DA:41,1
DA:44,2
DA:45,2
DA:47,2
DA:48,1
DA:51,1
DA:53,2
DA:55,1
DA:57,1
LF:23
LH:22
BRDA:32,0,0,4
BRDA:34,1,0,0
BRDA:34,1,1,3
BRDA:40,2,0,1
BRDA:40,2,1,2
BRDA:47,3,0,1
BRDA:47,3,1,1
BRF:7
BRH:6
end_of_record
TN:
SF:src\modules\users\services\SendForgotPasswordEmailService.ts
FN:14,(anonymous_18)
FN:15,SendForgotPasswordEmailService
FN:26,(anonymous_20)
FNF:3
FNH:3
FNDA:1,(anonymous_18)
FNDA:3,SendForgotPasswordEmailService
FNDA:3,(anonymous_20)
DA:1,1
DA:2,1
DA:4,1
DA:14,1
DA:17,3
DA:20,3
DA:23,3
DA:26,3
DA:27,3
DA:29,3
DA:30,1
DA:33,2
DA:35,2
DA:37,4
DA:52,1
DA:54,1
LF:16
LH:16
BRDA:27,0,0,3
BRDA:29,1,0,1
BRDA:29,1,1,2
BRF:3
BRH:3
end_of_record
TN:
SF:src\modules\users\services\ShowProfileService.ts
FN:13,(anonymous_18)
FN:14,ShowProfileService
FN:19,(anonymous_20)
FNF:3
FNH:3
FNDA:1,(anonymous_18)
FNDA:2,ShowProfileService
FNDA:1,(anonymous_20)
DA:1,1
DA:3,1
DA:13,1
DA:16,2
DA:19,1
DA:20,1
DA:22,1
DA:23,1
DA:25,0
DA:27,1
LF:10
LH:9
BRDA:20,0,0,1
BRDA:22,1,0,1
BRDA:22,1,1,0
BRF:3
BRH:2
end_of_record
TN:
SF:src\modules\users\services\UpdateAvatarUserService.ts
FN:14,(anonymous_18)
FN:15,UpdateUserAvatarService
FN:23,(anonymous_20)
FNF:3
FNH:3
FNDA:1,(anonymous_18)
FNDA:3,UpdateUserAvatarService
FNDA:4,(anonymous_20)
DA:1,1
DA:4,1
DA:14,1
DA:17,3
DA:20,3
DA:23,4
DA:26,4
DA:28,4
DA:29,1
DA:32,5
DA:34,2
DA:37,3
DA:39,3
DA:41,6
DA:43,3
DA:45,1
DA:47,1
LF:17
LH:17
BRDA:26,0,0,4
BRDA:26,0,1,3
BRDA:28,1,0,1
BRDA:28,1,1,3
BRDA:32,2,0,2
BRDA:32,2,1,1
BRF:6
BRH:6
end_of_record
TN:
SF:src\modules\users\services\UpdateProfileService.ts
FN:17,(anonymous_18)
FN:18,UpdateProfile
FN:26,(anonymous_20)
FNF:3
FNH:3
FNDA:1,(anonymous_18)
FNDA:6,UpdateProfile
FNDA:6,(anonymous_20)
DA:1,1
DA:4,1
DA:17,1
DA:20,6
DA:23,6
DA:26,6
DA:27,6
DA:29,6
DA:30,1
DA:33,5
DA:35,5
DA:37,5
DA:38,1
DA:41,4
DA:43,4
DA:44,1
DA:47,3
DA:49,3
DA:51,3
DA:52,1
DA:55,2
DA:58,2
DA:60,1
DA:62,1
LF:24
LH:24
BRDA:27,0,0,6
BRDA:27,0,1,2
BRDA:27,0,2,2
BRDA:29,1,0,1
BRDA:29,1,1,5
BRDA:37,2,0,1
BRDA:37,2,1,4
BRDA:37,3,0,5
BRDA:37,3,1,4
BRDA:43,4,0,1
BRDA:43,4,1,3
BRDA:43,5,0,4
BRDA:43,5,1,4
BRDA:47,6,0,0
BRDA:47,6,1,3
BRDA:47,7,0,3
BRDA:47,7,1,3
BRDA:51,8,0,1
BRDA:51,8,1,2
BRF:19
BRH:18
end_of_record
